[debug] [2023-12-21T22:45:41.575Z] ----------------------------------------------------------------------
[debug] [2023-12-21T22:45:41.577Z] Command:       /usr/local/bin/firebase /Users/vlapa/.cache/firebase/tools/lib/node_modules/firebase-tools/lib/bin/firebase init
[debug] [2023-12-21T22:45:41.577Z] CLI Version:   12.4.0
[debug] [2023-12-21T22:45:41.577Z] Platform:      darwin
[debug] [2023-12-21T22:45:41.577Z] Node Version:  v16.16.0
[debug] [2023-12-21T22:45:41.578Z] Time:          Thu Dec 21 2023 23:45:41 GMT+0100 (Central European Standard Time)
[debug] [2023-12-21T22:45:41.578Z] ----------------------------------------------------------------------
[debug] 
[debug] [2023-12-21T22:45:41.582Z] > command requires scopes: ["email","openid","https://www.googleapis.com/auth/cloudplatformprojects.readonly","https://www.googleapis.com/auth/firebase","https://www.googleapis.com/auth/cloud-platform"]
[debug] [2023-12-21T22:45:41.583Z] > authorizing via signed-in user (lapanpanpan@gmail.com)
[info] 
     ######## #### ########  ######## ########     ###     ######  ########
     ##        ##  ##     ## ##       ##     ##  ##   ##  ##       ##
     ######    ##  ########  ######   ########  #########  ######  ######
     ##        ##  ##    ##  ##       ##     ## ##     ##       ## ##
     ##       #### ##     ## ######## ########  ##     ##  ######  ########

You're about to initialize a Firebase project in this directory:

  /Users/vlapa/projects/doctor/doctor_assistant

[info] 
=== Project Setup
[info] 
[info] First, let's associate this project directory with a Firebase project.
[info] You can create multiple project aliases by running firebase use --add, 
[info] but for now we'll just set up a default project.
[info] 
[debug] [2023-12-21T22:46:17.650Z] > refreshing access token with scopes: []
[debug] [2023-12-21T22:46:17.652Z] >>> [apiv2][query] POST https://www.googleapis.com/oauth2/v3/token [none]
[debug] [2023-12-21T22:46:17.652Z] >>> [apiv2][body] POST https://www.googleapis.com/oauth2/v3/token [omitted]
[debug] [2023-12-21T22:46:17.790Z] <<< [apiv2][status] POST https://www.googleapis.com/oauth2/v3/token 200
[debug] [2023-12-21T22:46:17.790Z] <<< [apiv2][body] POST https://www.googleapis.com/oauth2/v3/token [omitted]
[debug] [2023-12-21T22:46:17.840Z] >>> [apiv2][query] GET https://firebase.googleapis.com/v1beta1/projects pageSize=100
[debug] [2023-12-21T22:46:18.395Z] <<< [apiv2][status] GET https://firebase.googleapis.com/v1beta1/projects 200
[debug] [2023-12-21T22:46:18.395Z] <<< [apiv2][body] GET https://firebase.googleapis.com/v1beta1/projects [omitted]
[info] i  Using project aihelpdoc (aihelpdoc) 
[info] 
=== Hosting Setup
[info] 
[info] Your public directory is the folder (relative to your project directory) that
[info] will contain Hosting assets to be uploaded with firebase deploy. If you
[info] have a build process for your assets, use your build's output directory.
[info] 
[debug] [2023-12-21T22:46:52.274Z] >>> [apiv2][query] GET https://www.gstatic.com/firebasejs/releases.json [none]
[debug] [2023-12-21T22:46:52.439Z] <<< [apiv2][status] GET https://www.gstatic.com/firebasejs/releases.json 200
[debug] [2023-12-21T22:46:52.439Z] <<< [apiv2][body] GET https://www.gstatic.com/firebasejs/releases.json {"current":{"version":"10.7.1","browserURL":"https://www.gstatic.com/firebasejs/10.7.1/firebase.js","packageURL":"https://www.gstatic.com/firebasejs/10.7.1/firebase.tgz"},"live":{"version":"10.7","browserURL":"https://www.gstatic.com/firebasejs/live/10.7/firebase.js","packageURL":"https://www.gstatic.com/firebasejs/live/10.7/firebase.tgz"},"components":{"analytics":"https://www.gstatic.com/firebasejs/10.7.1/firebase-analytics.js","app":"https://www.gstatic.com/firebasejs/10.7.1/firebase-app.js","app-check":"https://www.gstatic.com/firebasejs/10.7.1/firebase-app-check.js","auth":"https://www.gstatic.com/firebasejs/10.7.1/firebase-auth.js","auth/cordova":"https://www.gstatic.com/firebasejs/10.7.1/firebase-auth/cordova.js","functions":"https://www.gstatic.com/firebasejs/10.7.1/firebase-functions.js","firestore":"https://www.gstatic.com/firebasejs/10.7.1/firebase-firestore.js","firestore/lite":"https://www.gstatic.com/firebasejs/10.7.1/firebase-firestore/lite.js","installations":"https://www.gstatic.com/firebasejs/10.7.1/firebase-installations.js","storage":"https://www.gstatic.com/firebasejs/10.7.1/firebase-storage.js","performance":"https://www.gstatic.com/firebasejs/10.7.1/firebase-performance.js","remote-config":"https://www.gstatic.com/firebasejs/10.7.1/firebase-remote-config.js","messaging":"https://www.gstatic.com/firebasejs/10.7.1/firebase-messaging.js","messaging/sw":"https://www.gstatic.com/firebasejs/10.7.1/firebase-messaging/sw.js","database":"https://www.gstatic.com/firebasejs/10.7.1/firebase-database.js","firestore.memory":"https://www.gstatic.com/firebasejs/10.7.1/firebase-firestore.memory.js"}}
[info] ✔  Wrote public/index.html 
[info] 
[info] i  Detected a .git folder at /Users/vlapa/projects/doctor/doctor_assistant 
[info] i  Authorizing with GitHub to upload your service account to a GitHub repository's secrets store. 
[info] 
[info] Visit this URL on this device to log in:
[info] https://github.com/login/oauth/authorize?client_id=89cf50f02ac6aaed3484&state=993904360&redirect_uri=http%3A%2F%2Flocalhost%3A9005&scope=read%3Auser%20repo%20public_repo
[info] 
[info] Waiting for authentication...
[debug] [2023-12-21T22:46:53.599Z] >>> [apiv2][query] POST https://github.com/login/oauth/access_token [none]
[debug] [2023-12-21T22:46:53.600Z] >>> [apiv2][body] POST https://github.com/login/oauth/access_token [stream]
[debug] [2023-12-21T22:46:53.952Z] <<< [apiv2][status] POST https://github.com/login/oauth/access_token 200
[debug] [2023-12-21T22:46:53.953Z] <<< [apiv2][body] POST https://github.com/login/oauth/access_token {"access_token":"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","token_type":"bearer","scope":"read:user,repo"}
[debug] [2023-12-21T22:46:53.960Z] >>> [apiv2][query] GET https://api.github.com/user [none]
[debug] [2023-12-21T22:46:54.299Z] <<< [apiv2][status] GET https://api.github.com/user 200
[debug] [2023-12-21T22:46:54.299Z] <<< [apiv2][body] GET https://api.github.com/user {"login":"zeuslocker","id":20863425,"node_id":"MDQ6VXNlcjIwODYzNDI1","avatar_url":"https://avatars.githubusercontent.com/u/20863425?v=4","gravatar_id":"","url":"https://api.github.com/users/zeuslocker","html_url":"https://github.com/zeuslocker","followers_url":"https://api.github.com/users/zeuslocker/followers","following_url":"https://api.github.com/users/zeuslocker/following{/other_user}","gists_url":"https://api.github.com/users/zeuslocker/gists{/gist_id}","starred_url":"https://api.github.com/users/zeuslocker/starred{/owner}{/repo}","subscriptions_url":"https://api.github.com/users/zeuslocker/subscriptions","organizations_url":"https://api.github.com/users/zeuslocker/orgs","repos_url":"https://api.github.com/users/zeuslocker/repos","events_url":"https://api.github.com/users/zeuslocker/events{/privacy}","received_events_url":"https://api.github.com/users/zeuslocker/received_events","type":"User","site_admin":false,"name":"Volodymyr Lapan","company":null,"blog":"","location":"Kyiv","email":"lapan40@ukr.net","hireable":null,"bio":null,"twitter_username":null,"public_repos":53,"public_gists":1,"followers":2,"following":6,"created_at":"2016-08-05T16:55:44Z","updated_at":"2023-12-04T11:46:26Z","private_gists":0,"total_private_repos":4,"owned_private_repos":4,"disk_usage":340560,"collaborators":0,"two_factor_authentication":true,"plan":{"name":"free","space":976562499,"collaborators":0,"private_repos":10000}}
[info] 
[info] ✔  Success! Logged into GitHub as zeuslocker 
[info] 
